<?xml version="1.0" encoding="UTF-8"?>
<testng-results ignored="0" total="1" passed="1" failed="0" skipped="0">
  <reporter-output>
  </reporter-output>
  <suite started-at="2024-08-11T11:56:21 EDT" name="Default suite" finished-at="2024-08-11T11:56:27 EDT" duration-ms="6651">
    <groups>
    </groups>
    <test started-at="2024-08-11T11:56:21 EDT" name="Default test" finished-at="2024-08-11T11:56:27 EDT" duration-ms="6651">
      <class name="facebookBase.LoginTestWithMultipleBrowser">
        <test-method is-config="true" signature="openTest()[pri:0, instance:facebookBase.LoginTestWithMultipleBrowser@20140db9]" started-at="2024-08-11T11:56:21 EDT" name="openTest" finished-at="2024-08-11T11:56:24 EDT" duration-ms="3308" status="PASS">
          <reporter-output>
          </reporter-output>
        </test-method> <!-- openTest -->
        <test-method signature="loginTest()[pri:0, instance:facebookBase.LoginTestWithMultipleBrowser@20140db9]" started-at="2024-08-11T11:56:24 EDT" name="loginTest" finished-at="2024-08-11T11:56:26 EDT" duration-ms="1925" status="PASS">
          <reporter-output>
          </reporter-output>
        </test-method> <!-- loginTest -->
        <test-method is-config="true" signature="closeTest()[pri:0, instance:facebookBase.LoginTestWithMultipleBrowser@20140db9]" started-at="2024-08-11T11:56:26 EDT" name="closeTest" finished-at="2024-08-11T11:56:27 EDT" duration-ms="1380" status="PASS">
          <reporter-output>
          </reporter-output>
        </test-method> <!-- closeTest -->
      </class> <!-- facebookBase.LoginTestWithMultipleBrowser -->
    </test> <!-- Default test -->
  </suite> <!-- Default suite -->
</testng-results>
